#
# There is insufficient memory for the Java Runtime Environment to continue.
# Native memory allocation (mmap) failed to map 134217728 bytes for G1 virtual space
# Possible reasons:
#   The system is out of physical RAM or swap space
#   The process is running with CompressedOops enabled, and the Java Heap may be blocking the growth of the native heap
# Possible solutions:
#   Reduce memory load on the system
#   Increase physical memory or swap space
#   Check if swap backing store is full
#   Decrease Java heap size (-Xmx/-Xms)
#   Decrease number of Java threads
#   Decrease Java thread stack sizes (-Xss)
#   Set larger code cache with -XX:ReservedCodeCacheSize=
#   JVM is running with Unscaled Compressed Oops mode in which the Java heap is
#     placed in the first 4GB address space. The Java Heap base address is the
#     maximum limit for the native heap growth. Please use -XX:HeapBaseMinAddress
#     to set the Java Heap base and to place the Java Heap above 4GB virtual address.
# This output file may be truncated or incomplete.
#
#  Out of Memory Error (os_windows.cpp:3541), pid=26436, tid=25544
#
# JRE version:  (17.0.4+8) (build )
# Java VM: OpenJDK 64-Bit Server VM (17.0.4+8, mixed mode, sharing, tiered, compressed oops, compressed class ptrs, g1 gc, windows-amd64)
# No core dump will be written. Minidumps are not enabled by default on client versions of Windows
#

---------------  S U M M A R Y ------------

Command Line: -Dfile.encoding=UTF-8 --module-path=C:\Users\Cesar Ivan Ramirez\Desktop\Programas Universidad\ProgramaBD\bin -XX:+ShowCodeDetailsInExceptionMessages -Djdk.module.main=ProgramaBD ProgramaBD/Factura.presentacion.Principal

Host: Intel(R) Core(TM) i5-7200U CPU @ 2.50GHz, 4 cores, 7G,  Windows 10 , 64 bit Build 19041 (10.0.19041.2251)
Time: Sun Nov 27 21:12:12 2022 Hora estándar central (México) elapsed time: 0.042577 seconds (0d 0h 0m 0s)

---------------  T H R E A D  ---------------

Current thread (0x0000018a6bf8b720):  JavaThread "Unknown thread" [_thread_in_vm, id=25544, stack(0x0000000a19000000,0x0000000a19100000)]

Stack: [0x0000000a19000000,0x0000000a19100000]
Native frames: (J=compiled Java code, j=interpreted, Vv=VM code, C=native code)
V  [jvm.dll+0x67733a]
V  [jvm.dll+0x8323c4]
V  [jvm.dll+0x833b6e]
V  [jvm.dll+0x8341d3]
V  [jvm.dll+0x2455e5]
V  [jvm.dll+0x674229]
V  [jvm.dll+0x668ab2]
V  [jvm.dll+0x30458b]
V  [jvm.dll+0x30bad6]
V  [jvm.dll+0x35ba7e]
V  [jvm.dll+0x35bcaf]
V  [jvm.dll+0x2db428]
V  [jvm.dll+0x2dc394]
V  [jvm.dll+0x803ef1]
V  [jvm.dll+0x3698d1]
V  [jvm.dll+0x7e320c]
V  [jvm.dll+0x3ec23f]
V  [jvm.dll+0x3eddc1]
C  [jli.dll+0x5277]
C  [ucrtbase.dll+0x21bb2]
C  [KERNEL32.DLL+0x174b4]
C  [ntdll.dll+0x526a1]


---------------  P R O C E S S  ---------------

Threads class SMR info:
_java_thread_list=0x00007ffc1e354e98, length=0, elements={
}

Java Threads: ( => current thread )

Other Threads:
  0x0000018a6bfe4d60 GCTaskThread "GC Thread#0" [stack: 0x0000000a19100000,0x0000000a19200000] [id=7504]
  0x0000018a6bff8160 ConcurrentGCThread "G1 Main Marker" [stack: 0x0000000a19200000,0x0000000a19300000] [id=20500]
  0x0000018a6bff8b70 ConcurrentGCThread "G1 Conc#0" [stack: 0x0000000a19300000,0x0000000a19400000] [id=22708]

[error occurred during error reporting (printing all threads), id 0xc0000005, EXCEPTION_ACCESS_VIOLATION (0xc0000005) at pc=0x00007ffc1db2beb7]

VM state: not at safepoint (not fully initialized)

VM Mutex/Monitor currently owned by a thread:  ([mutex/lock_event])
[0x0000018a6bf86ef0] Heap_lock - owner thread: 0x0000018a6bf8b720

Heap address: 0x0000000081800000, size: 2024 MB, Compressed Oops mode: 32-bit

CDS archive(s) mapped at: [0x0000000000000000-0x0000000000000000-0x0000000000000000), size 0, SharedBaseAddress: 0x0000000800000000, ArchiveRelocationMode: 0.
Narrow klass base: 0x0000000000000000, Narrow klass shift: 0, Narrow klass range: 0x0

GC Precious Log:
<Empty>

Heap:
 garbage-first heap   total 0K, used 0K [0x0000000081800000, 0x0000000100000000)
  region size 1024K, 0 young (0K), 0 survivors (0K)

[error occurred during error reporting (printing heap information), id 0xc0000005, EXCEPTION_ACCESS_VIOLATION (0xc0000005) at pc=0x00007ffc1df106b9]

GC Heap History (0 events):
No events

Deoptimization events (0 events):
No events

Classes unloaded (0 events):
No events

Classes redefined (0 events):
No events

Internal exceptions (0 events):
No events

VM Operations (0 events):
No events

Events (1 events):
Event: 0.015 Loaded shared library C:\Users\Cesar Ivan Ramirez\.p2\pool\plugins\org.eclipse.justj.openjdk.hotspot.jre.full.win32.x86_64_17.0.4.v20220805-1047\jre\bin\java.dll


Dynamic libraries:
0x00007ff712d20000 - 0x00007ff712d2e000 	C:\Users\Cesar Ivan Ramirez\.p2\pool\plugins\org.eclipse.justj.openjdk.hotspot.jre.full.win32.x86_64_17.0.4.v20220805-1047\jre\bin\javaw.exe
0x00007ffc7a350000 - 0x00007ffc7a548000 	C:\WINDOWS\SYSTEM32\ntdll.dll
0x00007ffc78550000 - 0x00007ffc7860f000 	C:\WINDOWS\System32\KERNEL32.DLL
0x00007ffc77a50000 - 0x00007ffc77d22000 	C:\WINDOWS\System32\KERNELBASE.dll
0x00007ffc780b0000 - 0x00007ffc781b0000 	C:\WINDOWS\System32\ucrtbase.dll
0x00007ffc476f0000 - 0x00007ffc47708000 	C:\Users\Cesar Ivan Ramirez\.p2\pool\plugins\org.eclipse.justj.openjdk.hotspot.jre.full.win32.x86_64_17.0.4.v20220805-1047\jre\bin\jli.dll
0x00007ffc4cf10000 - 0x00007ffc4cf29000 	C:\Users\Cesar Ivan Ramirez\.p2\pool\plugins\org.eclipse.justj.openjdk.hotspot.jre.full.win32.x86_64_17.0.4.v20220805-1047\jre\bin\VCRUNTIME140.dll
0x00007ffc79fb0000 - 0x00007ffc7a14d000 	C:\WINDOWS\System32\USER32.dll
0x00007ffc78080000 - 0x00007ffc780a2000 	C:\WINDOWS\System32\win32u.dll
0x00007ffc6ab30000 - 0x00007ffc6adca000 	C:\WINDOWS\WinSxS\amd64_microsoft.windows.common-controls_6595b64144ccf1df_6.0.19041.1110_none_60b5254171f9507e\COMCTL32.dll
0x00007ffc79430000 - 0x00007ffc7945b000 	C:\WINDOWS\System32\GDI32.dll
0x00007ffc7a150000 - 0x00007ffc7a1ee000 	C:\WINDOWS\System32\msvcrt.dll
0x00007ffc77d30000 - 0x00007ffc77e3f000 	C:\WINDOWS\System32\gdi32full.dll
0x00007ffc77e90000 - 0x00007ffc77f2d000 	C:\WINDOWS\System32\msvcp_win.dll
0x00007ffc78cc0000 - 0x00007ffc78cf2000 	C:\WINDOWS\System32\IMM32.DLL
0x00007ffc66ca0000 - 0x00007ffc66cac000 	C:\Users\Cesar Ivan Ramirez\.p2\pool\plugins\org.eclipse.justj.openjdk.hotspot.jre.full.win32.x86_64_17.0.4.v20220805-1047\jre\bin\vcruntime140_1.dll
0x00007ffc43b00000 - 0x00007ffc43b91000 	C:\Users\Cesar Ivan Ramirez\.p2\pool\plugins\org.eclipse.justj.openjdk.hotspot.jre.full.win32.x86_64_17.0.4.v20220805-1047\jre\bin\msvcp140.dll
0x00007ffc1d840000 - 0x00007ffc1e486000 	C:\Users\Cesar Ivan Ramirez\.p2\pool\plugins\org.eclipse.justj.openjdk.hotspot.jre.full.win32.x86_64_17.0.4.v20220805-1047\jre\bin\server\jvm.dll
0x00007ffc79380000 - 0x00007ffc7942e000 	C:\WINDOWS\System32\ADVAPI32.dll
0x00007ffc79bb0000 - 0x00007ffc79c4c000 	C:\WINDOWS\System32\sechost.dll
0x00007ffc783a0000 - 0x00007ffc784c5000 	C:\WINDOWS\System32\RPCRT4.dll
0x00007ffc78df0000 - 0x00007ffc78df8000 	C:\WINDOWS\System32\PSAPI.DLL
0x00007ffc51e70000 - 0x00007ffc51e79000 	C:\WINDOWS\SYSTEM32\WSOCK32.dll
0x00007ffc6a330000 - 0x00007ffc6a357000 	C:\WINDOWS\SYSTEM32\WINMM.dll
0x00007ffc78e00000 - 0x00007ffc78e6b000 	C:\WINDOWS\System32\WS2_32.dll
0x00007ffc72d40000 - 0x00007ffc72d4a000 	C:\WINDOWS\SYSTEM32\VERSION.dll
0x00007ffc76250000 - 0x00007ffc76262000 	C:\WINDOWS\SYSTEM32\kernel.appcore.dll
0x00007ffc74310000 - 0x00007ffc7431a000 	C:\Users\Cesar Ivan Ramirez\.p2\pool\plugins\org.eclipse.justj.openjdk.hotspot.jre.full.win32.x86_64_17.0.4.v20220805-1047\jre\bin\jimage.dll
0x00007ffc757b0000 - 0x00007ffc75994000 	C:\WINDOWS\SYSTEM32\DBGHELP.DLL
0x00007ffc5e860000 - 0x00007ffc5e88c000 	C:\WINDOWS\SYSTEM32\dbgcore.DLL
0x00007ffc781b0000 - 0x00007ffc78232000 	C:\WINDOWS\System32\bcryptPrimitives.dll
0x00007ffc625e0000 - 0x00007ffc62605000 	C:\Users\Cesar Ivan Ramirez\.p2\pool\plugins\org.eclipse.justj.openjdk.hotspot.jre.full.win32.x86_64_17.0.4.v20220805-1047\jre\bin\java.dll

dbghelp: loaded successfully - version: 4.0.5 - missing functions: none
symbol engine: initialized successfully - sym options: 0x614 - pdb path: .;C:\Users\Cesar Ivan Ramirez\.p2\pool\plugins\org.eclipse.justj.openjdk.hotspot.jre.full.win32.x86_64_17.0.4.v20220805-1047\jre\bin;C:\WINDOWS\SYSTEM32;C:\WINDOWS\WinSxS\amd64_microsoft.windows.common-controls_6595b64144ccf1df_6.0.19041.1110_none_60b5254171f9507e;C:\Users\Cesar Ivan Ramirez\.p2\pool\plugins\org.eclipse.justj.openjdk.hotspot.jre.full.win32.x86_64_17.0.4.v20220805-1047\jre\bin\server

VM Arguments:
jvm_args: -Dfile.encoding=UTF-8 --module-path=C:\Users\Cesar Ivan Ramirez\Desktop\Programas Universidad\ProgramaBD\bin -XX:+ShowCodeDetailsInExceptionMessages -Djdk.module.main=ProgramaBD 
java_command: ProgramaBD/Factura.presentacion.Principal
java_class_path (initial): <not set>
Launcher Type: SUN_STANDARD

[Global flags]
     intx CICompilerCount                          = 3                                         {product} {ergonomic}
     uint ConcGCThreads                            = 1                                         {product} {ergonomic}
     uint G1ConcRefinementThreads                  = 4                                         {product} {ergonomic}
   size_t G1HeapRegionSize                         = 1048576                                   {product} {ergonomic}
    uintx GCDrainStackTargetSize                   = 64                                        {product} {ergonomic}
   size_t InitialHeapSize                          = 134217728                                 {product} {ergonomic}
   size_t MarkStackSize                            = 4194304                                   {product} {ergonomic}
   size_t MaxHeapSize                              = 2122317824                                {product} {ergonomic}
   size_t MinHeapDeltaBytes                        = 1048576                                   {product} {ergonomic}
   size_t MinHeapSize                              = 8388608                                   {product} {ergonomic}
    uintx NonNMethodCodeHeapSize                   = 5832780                                {pd product} {ergonomic}
    uintx NonProfiledCodeHeapSize                  = 122912730                              {pd product} {ergonomic}
    uintx ProfiledCodeHeapSize                     = 122912730                              {pd product} {ergonomic}
    uintx ReservedCodeCacheSize                    = 251658240                              {pd product} {ergonomic}
     bool SegmentedCodeCache                       = true                                      {product} {ergonomic}
     bool ShowCodeDetailsInExceptionMessages       = true                                   {manageable} {command line}
   size_t SoftMaxHeapSize                          = 2122317824                             {manageable} {ergonomic}
     bool UseCompressedClassPointers               = true                           {product lp64_product} {ergonomic}
     bool UseCompressedOops                        = true                           {product lp64_product} {ergonomic}
     bool UseG1GC                                  = true                                      {product} {ergonomic}
     bool UseLargePagesIndividualAllocation        = false                                  {pd product} {ergonomic}

Logging:
Log output configuration:
 #0: stdout all=warning uptime,level,tags
 #1: stderr all=off uptime,level,tags

Environment Variables:
PATH=C:/Users/Cesar Ivan Ramirez/.p2/pool/plugins/org.eclipse.justj.openjdk.hotspot.jre.full.win32.x86_64_17.0.4.v20220805-1047/jre/bin/server;C:/Users/Cesar Ivan Ramirez/.p2/pool/plugins/org.eclipse.justj.openjdk.hotspot.jre.full.win32.x86_64_17.0.4.v20220805-1047/jre/bin;C:\OracleXE\dbhomeXE\bin;C:\Program Files\Common Files\Oracle\Java\javapath;C:\ProgramData\Oracle\Java\javapath;C:\WINDOWS\system32;C:\WINDOWS;C:\WINDOWS\System32\Wbem;C:\WINDOWS\System32\WindowsPowerShell\v1.0\;C:\WINDOWS\System32\OpenSSH\;C:\Program Files\dotnet\;C:\Program Files (x86)\Intel\Intel(R) Management Engine Components\DAL;C:\Program Files\Intel\Intel(R) Management Engine Components\DAL;C:\Program Files\Git\cmd;C:\Program Files\Docker\Docker\resources\bin;C:\Users\Cesar Ivan Ramirez\AppData\Local\Microsoft\WindowsApps;C:\Users\Cesar Ivan Ramirez\AppData\Local\Programs\Microsoft VS Code\bin;C:\Users\Cesar Ivan Ramirez\AppData\Local\GitHubDesktop\bin;C:\Users\Cesar Ivan Ramirez\AppData\Local\Google\Cloud SDK\google-cloud-sdk\bin;C:\Users\Cesar Ivan Ramirez\Desktop;
USERNAME=Cesar Ivan Ramirez
OS=Windows_NT
PROCESSOR_IDENTIFIER=Intel64 Family 6 Model 142 Stepping 9, GenuineIntel
TMP=C:\Users\CESARI~1\AppData\Local\Temp
TEMP=C:\Users\CESARI~1\AppData\Local\Temp



---------------  S Y S T E M  ---------------

OS:
 Windows 10 , 64 bit Build 19041 (10.0.19041.2251)
OS uptime: 1 days 1:29 hours
Hyper-V role detected

CPU: total 4 (initial active 4) (2 cores per cpu, 2 threads per core) family 6 model 142 stepping 9 microcode 0xea, cx8, cmov, fxsr, ht, mmx, 3dnowpref, sse, sse2, sse3, ssse3, sse4.1, sse4.2, popcnt, lzcnt, tsc, tscinvbit, avx, avx2, aes, erms, clmul, bmi1, bmi2, adx, fma, vzeroupper, clflush, clflushopt, hv

Memory: 4k page, system-wide physical 8090M (456M free)
TotalPageFile size 32666M (AvailPageFile size 9M)
current process WorkingSet (physical memory assigned to process): 10M, peak: 10M
current process commit charge ("private bytes"): 51M, peak: 179M

vm_info: OpenJDK 64-Bit Server VM (17.0.4+8) for windows-amd64 JRE (17.0.4+8), built on Jul 19 2022 16:05:16 by "temurin" with MS VC++ 16.7 (VS2019)

END.
